6/10/2025, 8:50:01 AM GMT [Modules] Modules initializing
6/10/2025, 8:50:01 AM GMT [Modules] Distribution: remote
6/10/2025, 8:50:01 AM GMT [Modules] Host updates: enabled
6/10/2025, 8:50:01 AM GMT [Modules] Module updates: enabled
6/10/2025, 8:50:01 AM GMT [Modules] Module install path: /home/widzi/.config/discord/0.0.96/modules
6/10/2025, 8:50:01 AM GMT [Modules] Module installed file path: /home/widzi/.config/discord/0.0.96/modules/installed.json
6/10/2025, 8:50:01 AM GMT [Modules] Module download path: /home/widzi/.config/discord/0.0.96/modules/pending
6/10/2025, 8:50:01 AM GMT [Modules] Bootstrapping...
6/10/2025, 8:50:01 AM GMT [Modules] Installing discord_desktop_core@0 from /opt/discord/resources/bootstrap/discord_desktop_core.zip
6/10/2025, 8:50:01 AM GMT [Modules] Failed installing discord_desktop_core@0: Error: ENOENT: no such file or directory, open '/opt/discord/resources/bootstrap/discord_desktop_core.zip'
6/10/2025, 8:50:01 AM GMT [Modules] Installing discord_erlpack@0 from /opt/discord/resources/bootstrap/discord_erlpack.zip
6/10/2025, 8:50:01 AM GMT [Modules] Failed installing discord_erlpack@0: Error: ENOENT: no such file or directory, open '/opt/discord/resources/bootstrap/discord_erlpack.zip'
6/10/2025, 8:50:01 AM GMT [Modules] Installing discord_spellcheck@0 from /opt/discord/resources/bootstrap/discord_spellcheck.zip
6/10/2025, 8:50:01 AM GMT [Modules] Failed installing discord_spellcheck@0: Error: ENOENT: no such file or directory, open '/opt/discord/resources/bootstrap/discord_spellcheck.zip'
6/10/2025, 8:50:01 AM GMT [Modules] Installing discord_utils@0 from /opt/discord/resources/bootstrap/discord_utils.zip
6/10/2025, 8:50:01 AM GMT [Modules] Failed installing discord_utils@0: Error: ENOENT: no such file or directory, open '/opt/discord/resources/bootstrap/discord_utils.zip'
6/10/2025, 8:50:01 AM GMT [Modules] Installing discord_voice@0 from /opt/discord/resources/bootstrap/discord_voice.zip
6/10/2025, 8:50:01 AM GMT [Modules] Failed installing discord_voice@0: Error: ENOENT: no such file or directory, open '/opt/discord/resources/bootstrap/discord_voice.zip'
6/10/2025, 8:50:01 AM GMT [Modules] Installing discord_zstd@0 from /opt/discord/resources/bootstrap/discord_zstd.zip
6/10/2025, 8:50:01 AM GMT [Modules] Failed installing discord_zstd@0: Error: ENOENT: no such file or directory, open '/opt/discord/resources/bootstrap/discord_zstd.zip'
6/10/2025, 8:50:01 AM GMT [Modules] Finished module installations. [success: 0] [failure: 6]
6/10/2025, 8:50:01 AM GMT [Modules] Checking for host updates.
6/10/2025, 8:50:02 AM GMT [Modules] Host update is available. Manual update required!
6/10/2025, 8:50:18 AM GMT [Modules] Modules initializing
6/10/2025, 8:50:18 AM GMT [Modules] Distribution: remote
6/10/2025, 8:50:18 AM GMT [Modules] Host updates: enabled
6/10/2025, 8:50:18 AM GMT [Modules] Module updates: enabled
6/10/2025, 8:50:18 AM GMT [Modules] Module install path: /home/widzi/.config/discord/0.0.96/modules
6/10/2025, 8:50:18 AM GMT [Modules] Module installed file path: /home/widzi/.config/discord/0.0.96/modules/installed.json
6/10/2025, 8:50:18 AM GMT [Modules] Module download path: /home/widzi/.config/discord/0.0.96/modules/pending
6/10/2025, 8:50:19 AM GMT [Modules] No updates to install
6/10/2025, 8:50:19 AM GMT [Modules] Checking for host updates.
6/10/2025, 8:50:19 AM GMT [Modules] Host update is available. Manual update required!
