[2025-06-10 08:50:01.819] [info]  DiscordSplash.signalReady
[2025-06-10 08:50:01.925] [info]  DiscordSplash.onStateUpdate: {"status":"installing-updates","current":1,"total":6}
[2025-06-10 08:50:01.927] [info]  Splash.onStateUpdate: {"status":"installing-updates","current":1,"total":6}
[2025-06-10 08:50:01.929] [info]  DiscordSplash.onStateUpdate: {"status":"installing-updates","current":2,"total":6}
[2025-06-10 08:50:01.930] [info]  Splash.onStateUpdate: {"status":"installing-updates","current":2,"total":6}
[2025-06-10 08:50:01.931] [info]  DiscordSplash.onStateUpdate: {"status":"installing-updates","current":3,"total":6}
[2025-06-10 08:50:01.932] [info]  Splash.onStateUpdate: {"status":"installing-updates","current":3,"total":6}
[2025-06-10 08:50:01.932] [info]  DiscordSplash.onStateUpdate: {"status":"installing-updates","current":4,"total":6}
[2025-06-10 08:50:01.932] [info]  Splash.onStateUpdate: {"status":"installing-updates","current":4,"total":6}
[2025-06-10 08:50:01.933] [info]  DiscordSplash.onStateUpdate: {"status":"installing-updates","current":5,"total":6}
[2025-06-10 08:50:01.933] [info]  Splash.onStateUpdate: {"status":"installing-updates","current":5,"total":6}
[2025-06-10 08:50:01.934] [info]  DiscordSplash.onStateUpdate: {"status":"installing-updates","current":6,"total":6}
[2025-06-10 08:50:01.934] [info]  Splash.onStateUpdate: {"status":"installing-updates","current":6,"total":6}
[2025-06-10 08:50:01.934] [info]  DiscordSplash.onStateUpdate: {"status":"checking-for-updates","current":6,"total":6}
[2025-06-10 08:50:01.935] [info]  Splash.onStateUpdate: {"status":"checking-for-updates","current":6,"total":6}
[2025-06-10 08:50:02.371] [info]  DiscordSplash.onStateUpdate: {"status":"update-manually","current":6,"total":6,"newVersion":"0.0.97"}
[2025-06-10 08:50:02.371] [info]  Splash.onStateUpdate: {"status":"update-manually","current":6,"total":6,"newVersion":"0.0.97"}
[2025-06-10 08:50:02.819] [info]  Splash.updateCountdownSeconds: undefined
[2025-06-10 08:50:03.818] [info]  Splash.updateCountdownSeconds: undefined
[2025-06-10 08:50:04.819] [info]  Splash.updateCountdownSeconds: undefined
[2025-06-10 08:50:04.879] [error] Uncaught TypeError: Object(...) is not a function
[2025-06-10 08:50:19.215] [info]  DiscordSplash.signalReady
[2025-06-10 08:50:19.260] [info]  DiscordSplash.onStateUpdate: {"status":"checking-for-updates"}
[2025-06-10 08:50:19.261] [info]  Splash.onStateUpdate: {"status":"checking-for-updates"}
[2025-06-10 08:50:19.595] [info]  DiscordSplash.onStateUpdate: {"status":"update-manually","newVersion":"0.0.97"}
[2025-06-10 08:50:19.596] [info]  Splash.onStateUpdate: {"status":"update-manually","newVersion":"0.0.97"}
[2025-06-10 08:50:20.214] [info]  Splash.updateCountdownSeconds: undefined
[2025-06-10 08:50:21.214] [info]  Splash.updateCountdownSeconds: undefined
[2025-06-10 08:50:22.214] [info]  Splash.updateCountdownSeconds: undefined
[2025-06-10 08:50:23.214] [info]  Splash.updateCountdownSeconds: undefined
[2025-06-10 08:50:23.562] [error] Uncaught TypeError: Object(...) is not a function
